<?xml version="1.0" encoding="UTF-8"?>
<testsuite xmlns:xsi="http://www.w3.org/2001/XMLSchema-instance" xsi:noNamespaceSchemaLocation="https://maven.apache.org/surefire/maven-surefire-plugin/xsd/surefire-test-report.xsd" name="com.amazing.DBTest" time="3.677" tests="1" errors="0" skipped="0" failures="0">
  <properties>
    <property name="sun.desktop" value="windows"/>
    <property name="awt.toolkit" value="sun.awt.windows.WToolkit"/>
    <property name="java.specification.version" value="11"/>
    <property name="sun.cpu.isalist" value="amd64"/>
    <property name="sun.jnu.encoding" value="GBK"/>
    <property name="java.class.path" value="e:\workspace\Java-workspace\SSH-In-Action\amazing-e-commerce\target\test-classes;e:\workspace\Java-workspace\SSH-In-Action\amazing-e-commerce\target\classes;D:\JavaExtends\maven-repository\com\fasterxml\jackson\core\jackson-databind\2.10.1\jackson-databind-2.10.1.jar;D:\JavaExtends\maven-repository\com\fasterxml\jackson\core\jackson-annotations\2.10.1\jackson-annotations-2.10.1.jar;D:\JavaExtends\maven-repository\com\fasterxml\jackson\core\jackson-core\2.10.1\jackson-core-2.10.1.jar;D:\JavaExtends\maven-repository\junit\junit\4.12\junit-4.12.jar;D:\JavaExtends\maven-repository\org\hamcrest\hamcrest-core\1.3\hamcrest-core-1.3.jar;D:\JavaExtends\maven-repository\org\hibernate\hibernate-core\5.4.6.Final\hibernate-core-5.4.6.Final.jar;D:\JavaExtends\maven-repository\org\jboss\logging\jboss-logging\3.3.2.Final\jboss-logging-3.3.2.Final.jar;D:\JavaExtends\maven-repository\javax\persistence\javax.persistence-api\2.2\javax.persistence-api-2.2.jar;D:\JavaExtends\maven-repository\org\javassist\javassist\3.24.0-GA\javassist-3.24.0-GA.jar;D:\JavaExtends\maven-repository\net\bytebuddy\byte-buddy\1.9.11\byte-buddy-1.9.11.jar;D:\JavaExtends\maven-repository\antlr\antlr\2.7.7\antlr-2.7.7.jar;D:\JavaExtends\maven-repository\org\jboss\spec\javax\transaction\jboss-transaction-api_1.2_spec\1.1.1.Final\jboss-transaction-api_1.2_spec-1.1.1.Final.jar;D:\JavaExtends\maven-repository\org\jboss\jandex\2.0.5.Final\jandex-2.0.5.Final.jar;D:\JavaExtends\maven-repository\com\fasterxml\classmate\1.3.4\classmate-1.3.4.jar;D:\JavaExtends\maven-repository\javax\activation\javax.activation-api\1.2.0\javax.activation-api-1.2.0.jar;D:\JavaExtends\maven-repository\org\dom4j\dom4j\2.1.1\dom4j-2.1.1.jar;D:\JavaExtends\maven-repository\org\hibernate\common\hibernate-commons-annotations\5.1.0.Final\hibernate-commons-annotations-5.1.0.Final.jar;D:\JavaExtends\maven-repository\javax\xml\bind\jaxb-api\2.3.1\jaxb-api-2.3.1.jar;D:\JavaExtends\maven-repository\org\glassfish\jaxb\jaxb-runtime\2.3.1\jaxb-runtime-2.3.1.jar;D:\JavaExtends\maven-repository\org\glassfish\jaxb\txw2\2.3.1\txw2-2.3.1.jar;D:\JavaExtends\maven-repository\com\sun\istack\istack-commons-runtime\3.0.7\istack-commons-runtime-3.0.7.jar;D:\JavaExtends\maven-repository\org\jvnet\staxex\stax-ex\1.8\stax-ex-1.8.jar;D:\JavaExtends\maven-repository\com\sun\xml\fastinfoset\FastInfoset\1.2.15\FastInfoset-1.2.15.jar;D:\JavaExtends\maven-repository\mysql\mysql-connector-java\8.0.17\mysql-connector-java-8.0.17.jar;D:\JavaExtends\maven-repository\com\google\protobuf\protobuf-java\3.6.1\protobuf-java-3.6.1.jar;D:\JavaExtends\maven-repository\org\apache\commons\commons-dbcp2\2.7.0\commons-dbcp2-2.7.0.jar;D:\JavaExtends\maven-repository\org\apache\commons\commons-pool2\2.7.0\commons-pool2-2.7.0.jar;D:\JavaExtends\maven-repository\commons-logging\commons-logging\1.2\commons-logging-1.2.jar;D:\JavaExtends\maven-repository\org\mongodb\mongo-java-driver\3.11.0\mongo-java-driver-3.11.0.jar;D:\JavaExtends\maven-repository\javax\servlet\javax.servlet-api\4.0.1\javax.servlet-api-4.0.1.jar;D:\JavaExtends\maven-repository\org\slf4j\slf4j-api\1.7.30\slf4j-api-1.7.30.jar;D:\JavaExtends\maven-repository\org\slf4j\slf4j-log4j12\1.7.30\slf4j-log4j12-1.7.30.jar;D:\JavaExtends\maven-repository\log4j\log4j\1.2.17\log4j-1.2.17.jar;D:\JavaExtends\maven-repository\org\projectlombok\lombok\1.18.6\lombok-1.18.6.jar;D:\JavaExtends\maven-repository\org\springframework\spring-core\5.1.9.RELEASE\spring-core-5.1.9.RELEASE.jar;D:\JavaExtends\maven-repository\org\springframework\spring-jcl\5.1.9.RELEASE\spring-jcl-5.1.9.RELEASE.jar;D:\JavaExtends\maven-repository\org\springframework\spring-test\5.1.9.RELEASE\spring-test-5.1.9.RELEASE.jar;D:\JavaExtends\maven-repository\org\springframework\spring-jdbc\5.1.9.RELEASE\spring-jdbc-5.1.9.RELEASE.jar;D:\JavaExtends\maven-repository\org\springframework\spring-beans\5.1.9.RELEASE\spring-beans-5.1.9.RELEASE.jar;D:\JavaExtends\maven-repository\org\springframework\spring-tx\5.1.9.RELEASE\spring-tx-5.1.9.RELEASE.jar;D:\JavaExtends\maven-repository\org\springframework\spring-orm\5.1.9.RELEASE\spring-orm-5.1.9.RELEASE.jar;D:\JavaExtends\maven-repository\org\springframework\spring-webmvc\5.1.9.RELEASE\spring-webmvc-5.1.9.RELEASE.jar;D:\JavaExtends\maven-repository\org\springframework\spring-aop\5.1.9.RELEASE\spring-aop-5.1.9.RELEASE.jar;D:\JavaExtends\maven-repository\org\springframework\spring-context\5.1.9.RELEASE\spring-context-5.1.9.RELEASE.jar;D:\JavaExtends\maven-repository\org\springframework\spring-expression\5.1.9.RELEASE\spring-expression-5.1.9.RELEASE.jar;D:\JavaExtends\maven-repository\org\springframework\spring-web\5.1.9.RELEASE\spring-web-5.1.9.RELEASE.jar;D:\JavaExtends\maven-repository\org\mockito\mockito-core\3.1.0\mockito-core-3.1.0.jar;D:\JavaExtends\maven-repository\net\bytebuddy\byte-buddy-agent\1.9.10\byte-buddy-agent-1.9.10.jar;D:\JavaExtends\maven-repository\org\objenesis\objenesis\2.6\objenesis-2.6.jar;"/>
    <property name="java.vm.vendor" value="Oracle Corporation"/>
    <property name="sun.arch.data.model" value="64"/>
    <property name="user.variant" value=""/>
    <property name="java.vendor.url" value="http://java.oracle.com/"/>
    <property name="user.timezone" value="Asia/Shanghai"/>
    <property name="java.vm.specification.version" value="11"/>
    <property name="os.name" value="Windows 10"/>
    <property name="sun.java.launcher" value="SUN_STANDARD"/>
    <property name="user.country" value="CN"/>
    <property name="sun.boot.library.path" value="D:\Java\bin"/>
    <property name="sun.java.command" value="C:\Users\onemsg\AppData\Local\Temp\surefire14886235758294368642\surefirebooter10507540029939162027.jar C:\Users\onemsg\AppData\Local\Temp\surefire14886235758294368642 2020-01-02T15-28-12_130-jvmRun1 surefire10379839903412583009tmp surefire_010732995653403463307tmp"/>
    <property name="jdk.debug" value="release"/>
    <property name="surefire.test.class.path" value="e:\workspace\Java-workspace\SSH-In-Action\amazing-e-commerce\target\test-classes;e:\workspace\Java-workspace\SSH-In-Action\amazing-e-commerce\target\classes;D:\JavaExtends\maven-repository\com\fasterxml\jackson\core\jackson-databind\2.10.1\jackson-databind-2.10.1.jar;D:\JavaExtends\maven-repository\com\fasterxml\jackson\core\jackson-annotations\2.10.1\jackson-annotations-2.10.1.jar;D:\JavaExtends\maven-repository\com\fasterxml\jackson\core\jackson-core\2.10.1\jackson-core-2.10.1.jar;D:\JavaExtends\maven-repository\junit\junit\4.12\junit-4.12.jar;D:\JavaExtends\maven-repository\org\hamcrest\hamcrest-core\1.3\hamcrest-core-1.3.jar;D:\JavaExtends\maven-repository\org\hibernate\hibernate-core\5.4.6.Final\hibernate-core-5.4.6.Final.jar;D:\JavaExtends\maven-repository\org\jboss\logging\jboss-logging\3.3.2.Final\jboss-logging-3.3.2.Final.jar;D:\JavaExtends\maven-repository\javax\persistence\javax.persistence-api\2.2\javax.persistence-api-2.2.jar;D:\JavaExtends\maven-repository\org\javassist\javassist\3.24.0-GA\javassist-3.24.0-GA.jar;D:\JavaExtends\maven-repository\net\bytebuddy\byte-buddy\1.9.11\byte-buddy-1.9.11.jar;D:\JavaExtends\maven-repository\antlr\antlr\2.7.7\antlr-2.7.7.jar;D:\JavaExtends\maven-repository\org\jboss\spec\javax\transaction\jboss-transaction-api_1.2_spec\1.1.1.Final\jboss-transaction-api_1.2_spec-1.1.1.Final.jar;D:\JavaExtends\maven-repository\org\jboss\jandex\2.0.5.Final\jandex-2.0.5.Final.jar;D:\JavaExtends\maven-repository\com\fasterxml\classmate\1.3.4\classmate-1.3.4.jar;D:\JavaExtends\maven-repository\javax\activation\javax.activation-api\1.2.0\javax.activation-api-1.2.0.jar;D:\JavaExtends\maven-repository\org\dom4j\dom4j\2.1.1\dom4j-2.1.1.jar;D:\JavaExtends\maven-repository\org\hibernate\common\hibernate-commons-annotations\5.1.0.Final\hibernate-commons-annotations-5.1.0.Final.jar;D:\JavaExtends\maven-repository\javax\xml\bind\jaxb-api\2.3.1\jaxb-api-2.3.1.jar;D:\JavaExtends\maven-repository\org\glassfish\jaxb\jaxb-runtime\2.3.1\jaxb-runtime-2.3.1.jar;D:\JavaExtends\maven-repository\org\glassfish\jaxb\txw2\2.3.1\txw2-2.3.1.jar;D:\JavaExtends\maven-repository\com\sun\istack\istack-commons-runtime\3.0.7\istack-commons-runtime-3.0.7.jar;D:\JavaExtends\maven-repository\org\jvnet\staxex\stax-ex\1.8\stax-ex-1.8.jar;D:\JavaExtends\maven-repository\com\sun\xml\fastinfoset\FastInfoset\1.2.15\FastInfoset-1.2.15.jar;D:\JavaExtends\maven-repository\mysql\mysql-connector-java\8.0.17\mysql-connector-java-8.0.17.jar;D:\JavaExtends\maven-repository\com\google\protobuf\protobuf-java\3.6.1\protobuf-java-3.6.1.jar;D:\JavaExtends\maven-repository\org\apache\commons\commons-dbcp2\2.7.0\commons-dbcp2-2.7.0.jar;D:\JavaExtends\maven-repository\org\apache\commons\commons-pool2\2.7.0\commons-pool2-2.7.0.jar;D:\JavaExtends\maven-repository\commons-logging\commons-logging\1.2\commons-logging-1.2.jar;D:\JavaExtends\maven-repository\org\mongodb\mongo-java-driver\3.11.0\mongo-java-driver-3.11.0.jar;D:\JavaExtends\maven-repository\javax\servlet\javax.servlet-api\4.0.1\javax.servlet-api-4.0.1.jar;D:\JavaExtends\maven-repository\org\slf4j\slf4j-api\1.7.30\slf4j-api-1.7.30.jar;D:\JavaExtends\maven-repository\org\slf4j\slf4j-log4j12\1.7.30\slf4j-log4j12-1.7.30.jar;D:\JavaExtends\maven-repository\log4j\log4j\1.2.17\log4j-1.2.17.jar;D:\JavaExtends\maven-repository\org\projectlombok\lombok\1.18.6\lombok-1.18.6.jar;D:\JavaExtends\maven-repository\org\springframework\spring-core\5.1.9.RELEASE\spring-core-5.1.9.RELEASE.jar;D:\JavaExtends\maven-repository\org\springframework\spring-jcl\5.1.9.RELEASE\spring-jcl-5.1.9.RELEASE.jar;D:\JavaExtends\maven-repository\org\springframework\spring-test\5.1.9.RELEASE\spring-test-5.1.9.RELEASE.jar;D:\JavaExtends\maven-repository\org\springframework\spring-jdbc\5.1.9.RELEASE\spring-jdbc-5.1.9.RELEASE.jar;D:\JavaExtends\maven-repository\org\springframework\spring-beans\5.1.9.RELEASE\spring-beans-5.1.9.RELEASE.jar;D:\JavaExtends\maven-repository\org\springframework\spring-tx\5.1.9.RELEASE\spring-tx-5.1.9.RELEASE.jar;D:\JavaExtends\maven-repository\org\springframework\spring-orm\5.1.9.RELEASE\spring-orm-5.1.9.RELEASE.jar;D:\JavaExtends\maven-repository\org\springframework\spring-webmvc\5.1.9.RELEASE\spring-webmvc-5.1.9.RELEASE.jar;D:\JavaExtends\maven-repository\org\springframework\spring-aop\5.1.9.RELEASE\spring-aop-5.1.9.RELEASE.jar;D:\JavaExtends\maven-repository\org\springframework\spring-context\5.1.9.RELEASE\spring-context-5.1.9.RELEASE.jar;D:\JavaExtends\maven-repository\org\springframework\spring-expression\5.1.9.RELEASE\spring-expression-5.1.9.RELEASE.jar;D:\JavaExtends\maven-repository\org\springframework\spring-web\5.1.9.RELEASE\spring-web-5.1.9.RELEASE.jar;D:\JavaExtends\maven-repository\org\mockito\mockito-core\3.1.0\mockito-core-3.1.0.jar;D:\JavaExtends\maven-repository\net\bytebuddy\byte-buddy-agent\1.9.10\byte-buddy-agent-1.9.10.jar;D:\JavaExtends\maven-repository\org\objenesis\objenesis\2.6\objenesis-2.6.jar;"/>
    <property name="sun.cpu.endian" value="little"/>
    <property name="user.home" value="C:\Users\onemsg"/>
    <property name="user.language" value="zh"/>
    <property name="java.specification.vendor" value="Oracle Corporation"/>
    <property name="java.version.date" value="2019-07-16"/>
    <property name="java.home" value="D:\Java"/>
    <property name="file.separator" value="\"/>
    <property name="basedir" value="e:\workspace\Java-workspace\SSH-In-Action\amazing-e-commerce"/>
    <property name="java.vm.compressedOopsMode" value="32-bit"/>
    <property name="line.separator" value="&#10;"/>
    <property name="java.specification.name" value="Java Platform API Specification"/>
    <property name="java.vm.specification.vendor" value="Oracle Corporation"/>
    <property name="java.awt.graphicsenv" value="sun.awt.Win32GraphicsEnvironment"/>
    <property name="surefire.real.class.path" value="C:\Users\onemsg\AppData\Local\Temp\surefire14886235758294368642\surefirebooter10507540029939162027.jar"/>
    <property name="user.script" value=""/>
    <property name="sun.management.compiler" value="HotSpot 64-Bit Tiered Compilers"/>
    <property name="java.runtime.version" value="11.0.4+10-LTS"/>
    <property name="user.name" value="onemsg"/>
    <property name="path.separator" value=";"/>
    <property name="os.version" value="10.0"/>
    <property name="java.runtime.name" value="Java(TM) SE Runtime Environment"/>
    <property name="file.encoding" value="GBK"/>
    <property name="java.vm.name" value="Java HotSpot(TM) 64-Bit Server VM"/>
    <property name="java.vendor.version" value="18.9"/>
    <property name="localRepository" value="D:\JavaExtends\maven-repository"/>
    <property name="java.vendor.url.bug" value="http://bugreport.java.com/bugreport/"/>
    <property name="java.io.tmpdir" value="C:\Users\onemsg\AppData\Local\Temp\"/>
    <property name="java.version" value="11.0.4"/>
    <property name="user.dir" value="e:\workspace\Java-workspace\SSH-In-Action\amazing-e-commerce"/>
    <property name="os.arch" value="amd64"/>
    <property name="java.vm.specification.name" value="Java Virtual Machine Specification"/>
    <property name="java.awt.printerjob" value="sun.awt.windows.WPrinterJob"/>
    <property name="sun.os.patch.level" value=""/>
    <property name="java.library.path" value="D:\Java\bin;C:\WINDOWS\Sun\Java\bin;C:\WINDOWS\system32;C:\WINDOWS;D:\Anaconda;D:\Anaconda\Library\mingw-w64\bin;D:\Anaconda\Library\usr\bin;D:\Anaconda\Library\bin;D:\Anaconda\Scripts;C:\ProgramData\DockerDesktop\version-bin;C:\Program Files\Docker\Docker\Resources\bin;C:\WINDOWS\system32;C:\WINDOWS;C:\WINDOWS\System32\Wbem;C:\WINDOWS\System32\WindowsPowerShell\v1.0\;C:\WINDOWS\System32\OpenSSH\;C:\Program Files\Git\cmd;D:\Java\bin;D:\MongoDB\bin;D:\JavaExtends\apache-maven-3.6.1-bin\bin;C:\Program Files\MySQL\MySQL Server 8.0\bin;D:\scala-2.12.10\bin;D:\spark-2.4.4-bin-hadoop2.7\bin;D:\Redis-x64-3.2.100;D:\hbase-2.2.2-bin\hbase-2.2.2\bin;%ZOOKEEPER_HOME%\bin;D:\nodejs\;C:\ProgramData\chocolatey\bin;D:\nodejs\npm_packages;D:\Yarn\bin\;%HADOOP_HOME%\bin;C:\Users\onemsg\.cargo\bin;D:\Microsoft VS Code\bin;D:\GitHubDesktop\bin;C:\Users\onemsg\AppData\Local\Yarn\bin;D:\Fiddler;."/>
    <property name="java.vendor" value="Oracle Corporation"/>
    <property name="java.vm.info" value="mixed mode"/>
    <property name="java.vm.version" value="11.0.4+10-LTS"/>
    <property name="sun.io.unicode.encoding" value="UnicodeLittle"/>
    <property name="java.class.version" value="55.0"/>
  </properties>
  <testcase name="testDB" classname="com.amazing.DBTest" time="0.497"/>
</testsuite>